<?xml version="1.0" encoding="UTF-8"?>
<!-- Generated by org.testng.reporters.JUnitXMLReporter -->
<testsuite ignored="0" hostname="LAPTOP-B5J4QNVR" failures="0" tests="24" name="Default test" time="36.55" errors="0" timestamp="2024-03-04T11:11:34 IST">
  <testcase classname="Store.tests.DataDrivenTests" name="testPostStore" time="3.234"/>
  <testcase classname="Store.tests.DataDrivenTests" name="testPostStore" time="1.363"/>
  <testcase classname="Store.tests.DataDrivenTests" name="testPostStore" time="1.306"/>
  <testcase classname="Store.tests.DataDrivenTests" name="testPostStore" time="1.303"/>
  <testcase classname="Store.tests.DataDrivenTests" name="testPostStore" time="1.358"/>
  <testcase classname="Store.tests.DataDrivenTests" name="testPostStore" time="1.294"/>
  <testcase classname="Store.tests.DataDrivenTests" name="testPostStore" time="1.317"/>
  <testcase classname="Store.tests.DataDrivenTests" name="testPostStore" time="1.319"/>
  <testcase classname="Store.tests.DataDrivenTests" name="testPostStore" time="1.327"/>
  <testcase classname="Store.tests.DataDrivenTests" name="testPostStore" time="1.303"/>
  <testcase classname="Store.tests.DataDrivenTests" name="testPostStore" time="1.342"/>
  <testcase classname="Store.tests.DataDrivenTests" name="testPostStore" time="1.366"/>
  <testcase classname="Store.tests.DataDrivenTests" name="testDeleteStore" time="1.34"/>
  <testcase classname="Store.tests.DataDrivenTests" name="testDeleteStore" time="1.299"/>
  <testcase classname="Store.tests.DataDrivenTests" name="testDeleteStore" time="1.328"/>
  <testcase classname="Store.tests.DataDrivenTests" name="testDeleteStore" time="1.348"/>
  <testcase classname="Store.tests.DataDrivenTests" name="testDeleteStore" time="1.314"/>
  <testcase classname="Store.tests.DataDrivenTests" name="testDeleteStore" time="1.288"/>
  <testcase classname="Store.tests.DataDrivenTests" name="testDeleteStore" time="1.339"/>
  <testcase classname="Store.tests.DataDrivenTests" name="testDeleteStore" time="1.268"/>
  <testcase classname="Store.tests.DataDrivenTests" name="testDeleteStore" time="1.322"/>
  <testcase classname="Store.tests.DataDrivenTests" name="testDeleteStore" time="1.279"/>
  <testcase classname="Store.tests.DataDrivenTests" name="testDeleteStore" time="1.264"/>
  <testcase classname="Store.tests.DataDrivenTests" name="testDeleteStore" time="1.328"/>
</testsuite> <!-- Default test -->
