<?xml version="1.0" encoding="UTF-8"?>
<!-- Generated by org.testng.reporters.JUnitXMLReporter -->
<testsuite ignored="0" hostname="LAPTOP-B5J4QNVR" failures="0" tests="3" name="Test" time="7.335" errors="0" timestamp="2024-03-01T17:00:30 IST">
  <testcase classname="Store.tests.StoreTests" name="testCreateStore" time="4.77"/>
  <testcase classname="Store.tests.StoreTests" name="testGetStore" time="1.209"/>
  <testcase classname="Store.tests.StoreTests" name="testDeleteStore" time="1.269"/>
</testsuite> <!-- Test -->
