<?xml version="1.0" encoding="UTF-8"?>
<!-- Generated by org.testng.reporters.JUnitXMLReporter -->
<testsuite ignored="0" hostname="LAPTOP-B5J4QNVR" failures="0" tests="3" name="Test" time="14.802" errors="0" timestamp="2024-03-04T11:13:17 IST">
  <testcase classname="Store.tests.StoreTests" name="testCreateStore" time="6.795"/>
  <testcase classname="Store.tests.StoreTests" name="testGetStore" time="4.182"/>
  <testcase classname="Store.tests.StoreTests" name="testDeleteStore" time="3.732"/>
</testsuite> <!-- Test -->
