<?xml version="1.0" encoding="UTF-8"?>
<testng-results ignored="0" total="3" passed="3" failed="0" skipped="0">
  <reporter-output>
  </reporter-output>
  <suite started-at="2024-03-04T11:13:02 IST" name="Suite" finished-at="2024-03-04T11:13:17 IST" duration-ms="14802">
    <groups>
    </groups>
    <test started-at="2024-03-04T11:13:02 IST" name="Test" finished-at="2024-03-04T11:13:17 IST" duration-ms="14802">
      <class name="Store.tests.StoreTests">
        <test-method is-config="true" signature="SetupData()[pri:0, instance:Store.tests.StoreTests@7193666c]" started-at="2024-03-04T11:13:02 IST" name="SetupData" finished-at="2024-03-04T11:13:02 IST" duration-ms="53" status="PASS">
          <reporter-output>
          </reporter-output>
        </test-method> <!-- SetupData -->
        <test-method signature="testCreateStore()[pri:1, instance:Store.tests.StoreTests@7193666c]" started-at="2024-03-04T11:13:02 IST" name="testCreateStore" finished-at="2024-03-04T11:13:09 IST" duration-ms="6795" status="PASS">
          <reporter-output>
          </reporter-output>
        </test-method> <!-- testCreateStore -->
        <test-method signature="testGetStore()[pri:2, instance:Store.tests.StoreTests@7193666c]" started-at="2024-03-04T11:13:09 IST" name="testGetStore" finished-at="2024-03-04T11:13:13 IST" duration-ms="4182" status="PASS">
          <reporter-output>
          </reporter-output>
        </test-method> <!-- testGetStore -->
        <test-method signature="testDeleteStore()[pri:3, instance:Store.tests.StoreTests@7193666c]" started-at="2024-03-04T11:13:13 IST" name="testDeleteStore" finished-at="2024-03-04T11:13:17 IST" duration-ms="3732" status="PASS">
          <reporter-output>
          </reporter-output>
        </test-method> <!-- testDeleteStore -->
      </class> <!-- Store.tests.StoreTests -->
    </test> <!-- Test -->
  </suite> <!-- Suite -->
</testng-results>
