<?xml version="1.0" encoding="UTF-8"?>
<testng-results ignored="0" total="24" passed="24" failed="0" skipped="0">
  <reporter-output>
  </reporter-output>
  <suite started-at="2024-03-04T11:10:57 IST" name="Default suite" finished-at="2024-03-04T11:11:34 IST" duration-ms="36550">
    <groups>
    </groups>
    <test started-at="2024-03-04T11:10:57 IST" name="Default test" finished-at="2024-03-04T11:11:34 IST" duration-ms="36550">
      <class name="Store.tests.DataDrivenTests">
        <test-method signature="testPostStore(java.lang.String,java.lang.String,java.lang.String,java.lang.String,java.lang.String,java.lang.String)[pri:1, instance:Store.tests.DataDrivenTests@2b662a77]" started-at="2024-03-04T11:11:00 IST" name="testPostStore" data-provider="Data" finished-at="2024-03-04T11:11:03 IST" duration-ms="3234" status="PASS">
          <params>
            <param index="0">
              <value>
                <![CDATA[1]]>
              </value>
            </param>
            <param index="1">
              <value>
                <![CDATA[101]]>
              </value>
            </param>
            <param index="2">
              <value>
                <![CDATA[5]]>
              </value>
            </param>
            <param index="3">
              <value>
                <![CDATA[11/9/21]]>
              </value>
            </param>
            <param index="4">
              <value>
                <![CDATA[Placed]]>
              </value>
            </param>
            <param index="5">
              <value>
                <![CDATA[TRUE]]>
              </value>
            </param>
          </params>
          <reporter-output>
          </reporter-output>
        </test-method> <!-- testPostStore -->
        <test-method signature="testPostStore(java.lang.String,java.lang.String,java.lang.String,java.lang.String,java.lang.String,java.lang.String)[pri:1, instance:Store.tests.DataDrivenTests@2b662a77]" started-at="2024-03-04T11:11:03 IST" name="testPostStore" data-provider="Data" finished-at="2024-03-04T11:11:04 IST" duration-ms="1363" status="PASS">
          <params>
            <param index="0">
              <value>
                <![CDATA[2]]>
              </value>
            </param>
            <param index="1">
              <value>
                <![CDATA[102]]>
              </value>
            </param>
            <param index="2">
              <value>
                <![CDATA[6]]>
              </value>
            </param>
            <param index="3">
              <value>
                <![CDATA[11/10/21]]>
              </value>
            </param>
            <param index="4">
              <value>
                <![CDATA[Placed]]>
              </value>
            </param>
            <param index="5">
              <value>
                <![CDATA[TRUE]]>
              </value>
            </param>
          </params>
          <reporter-output>
          </reporter-output>
        </test-method> <!-- testPostStore -->
        <test-method signature="testPostStore(java.lang.String,java.lang.String,java.lang.String,java.lang.String,java.lang.String,java.lang.String)[pri:1, instance:Store.tests.DataDrivenTests@2b662a77]" started-at="2024-03-04T11:11:04 IST" name="testPostStore" data-provider="Data" finished-at="2024-03-04T11:11:06 IST" duration-ms="1306" status="PASS">
          <params>
            <param index="0">
              <value>
                <![CDATA[3]]>
              </value>
            </param>
            <param index="1">
              <value>
                <![CDATA[103]]>
              </value>
            </param>
            <param index="2">
              <value>
                <![CDATA[7]]>
              </value>
            </param>
            <param index="3">
              <value>
                <![CDATA[11/11/21]]>
              </value>
            </param>
            <param index="4">
              <value>
                <![CDATA[Placed]]>
              </value>
            </param>
            <param index="5">
              <value>
                <![CDATA[TRUE]]>
              </value>
            </param>
          </params>
          <reporter-output>
          </reporter-output>
        </test-method> <!-- testPostStore -->
        <test-method signature="testPostStore(java.lang.String,java.lang.String,java.lang.String,java.lang.String,java.lang.String,java.lang.String)[pri:1, instance:Store.tests.DataDrivenTests@2b662a77]" started-at="2024-03-04T11:11:06 IST" name="testPostStore" data-provider="Data" finished-at="2024-03-04T11:11:07 IST" duration-ms="1303" status="PASS">
          <params>
            <param index="0">
              <value>
                <![CDATA[4]]>
              </value>
            </param>
            <param index="1">
              <value>
                <![CDATA[104]]>
              </value>
            </param>
            <param index="2">
              <value>
                <![CDATA[8]]>
              </value>
            </param>
            <param index="3">
              <value>
                <![CDATA[11/12/21]]>
              </value>
            </param>
            <param index="4">
              <value>
                <![CDATA[Placed]]>
              </value>
            </param>
            <param index="5">
              <value>
                <![CDATA[TRUE]]>
              </value>
            </param>
          </params>
          <reporter-output>
          </reporter-output>
        </test-method> <!-- testPostStore -->
        <test-method signature="testPostStore(java.lang.String,java.lang.String,java.lang.String,java.lang.String,java.lang.String,java.lang.String)[pri:1, instance:Store.tests.DataDrivenTests@2b662a77]" started-at="2024-03-04T11:11:07 IST" name="testPostStore" data-provider="Data" finished-at="2024-03-04T11:11:08 IST" duration-ms="1358" status="PASS">
          <params>
            <param index="0">
              <value>
                <![CDATA[5]]>
              </value>
            </param>
            <param index="1">
              <value>
                <![CDATA[105]]>
              </value>
            </param>
            <param index="2">
              <value>
                <![CDATA[3]]>
              </value>
            </param>
            <param index="3">
              <value>
                <![CDATA[11/13/21]]>
              </value>
            </param>
            <param index="4">
              <value>
                <![CDATA[Placed]]>
              </value>
            </param>
            <param index="5">
              <value>
                <![CDATA[TRUE]]>
              </value>
            </param>
          </params>
          <reporter-output>
          </reporter-output>
        </test-method> <!-- testPostStore -->
        <test-method signature="testPostStore(java.lang.String,java.lang.String,java.lang.String,java.lang.String,java.lang.String,java.lang.String)[pri:1, instance:Store.tests.DataDrivenTests@2b662a77]" started-at="2024-03-04T11:11:08 IST" name="testPostStore" data-provider="Data" finished-at="2024-03-04T11:11:10 IST" duration-ms="1294" status="PASS">
          <params>
            <param index="0">
              <value>
                <![CDATA[6]]>
              </value>
            </param>
            <param index="1">
              <value>
                <![CDATA[106]]>
              </value>
            </param>
            <param index="2">
              <value>
                <![CDATA[4]]>
              </value>
            </param>
            <param index="3">
              <value>
                <![CDATA[11/14/21]]>
              </value>
            </param>
            <param index="4">
              <value>
                <![CDATA[Placed]]>
              </value>
            </param>
            <param index="5">
              <value>
                <![CDATA[TRUE]]>
              </value>
            </param>
          </params>
          <reporter-output>
          </reporter-output>
        </test-method> <!-- testPostStore -->
        <test-method signature="testPostStore(java.lang.String,java.lang.String,java.lang.String,java.lang.String,java.lang.String,java.lang.String)[pri:1, instance:Store.tests.DataDrivenTests@2b662a77]" started-at="2024-03-04T11:11:10 IST" name="testPostStore" data-provider="Data" finished-at="2024-03-04T11:11:11 IST" duration-ms="1317" status="PASS">
          <params>
            <param index="0">
              <value>
                <![CDATA[7]]>
              </value>
            </param>
            <param index="1">
              <value>
                <![CDATA[107]]>
              </value>
            </param>
            <param index="2">
              <value>
                <![CDATA[2]]>
              </value>
            </param>
            <param index="3">
              <value>
                <![CDATA[11/15/21]]>
              </value>
            </param>
            <param index="4">
              <value>
                <![CDATA[Placed]]>
              </value>
            </param>
            <param index="5">
              <value>
                <![CDATA[TRUE]]>
              </value>
            </param>
          </params>
          <reporter-output>
          </reporter-output>
        </test-method> <!-- testPostStore -->
        <test-method signature="testPostStore(java.lang.String,java.lang.String,java.lang.String,java.lang.String,java.lang.String,java.lang.String)[pri:1, instance:Store.tests.DataDrivenTests@2b662a77]" started-at="2024-03-04T11:11:11 IST" name="testPostStore" data-provider="Data" finished-at="2024-03-04T11:11:12 IST" duration-ms="1319" status="PASS">
          <params>
            <param index="0">
              <value>
                <![CDATA[8]]>
              </value>
            </param>
            <param index="1">
              <value>
                <![CDATA[108]]>
              </value>
            </param>
            <param index="2">
              <value>
                <![CDATA[9]]>
              </value>
            </param>
            <param index="3">
              <value>
                <![CDATA[11/16/21]]>
              </value>
            </param>
            <param index="4">
              <value>
                <![CDATA[Placed]]>
              </value>
            </param>
            <param index="5">
              <value>
                <![CDATA[TRUE]]>
              </value>
            </param>
          </params>
          <reporter-output>
          </reporter-output>
        </test-method> <!-- testPostStore -->
        <test-method signature="testPostStore(java.lang.String,java.lang.String,java.lang.String,java.lang.String,java.lang.String,java.lang.String)[pri:1, instance:Store.tests.DataDrivenTests@2b662a77]" started-at="2024-03-04T11:11:12 IST" name="testPostStore" data-provider="Data" finished-at="2024-03-04T11:11:14 IST" duration-ms="1327" status="PASS">
          <params>
            <param index="0">
              <value>
                <![CDATA[9]]>
              </value>
            </param>
            <param index="1">
              <value>
                <![CDATA[109]]>
              </value>
            </param>
            <param index="2">
              <value>
                <![CDATA[10]]>
              </value>
            </param>
            <param index="3">
              <value>
                <![CDATA[11/17/21]]>
              </value>
            </param>
            <param index="4">
              <value>
                <![CDATA[Placed]]>
              </value>
            </param>
            <param index="5">
              <value>
                <![CDATA[TRUE]]>
              </value>
            </param>
          </params>
          <reporter-output>
          </reporter-output>
        </test-method> <!-- testPostStore -->
        <test-method signature="testPostStore(java.lang.String,java.lang.String,java.lang.String,java.lang.String,java.lang.String,java.lang.String)[pri:1, instance:Store.tests.DataDrivenTests@2b662a77]" started-at="2024-03-04T11:11:14 IST" name="testPostStore" data-provider="Data" finished-at="2024-03-04T11:11:15 IST" duration-ms="1303" status="PASS">
          <params>
            <param index="0">
              <value>
                <![CDATA[10]]>
              </value>
            </param>
            <param index="1">
              <value>
                <![CDATA[110]]>
              </value>
            </param>
            <param index="2">
              <value>
                <![CDATA[11]]>
              </value>
            </param>
            <param index="3">
              <value>
                <![CDATA[11/18/21]]>
              </value>
            </param>
            <param index="4">
              <value>
                <![CDATA[Placed]]>
              </value>
            </param>
            <param index="5">
              <value>
                <![CDATA[TRUE]]>
              </value>
            </param>
          </params>
          <reporter-output>
          </reporter-output>
        </test-method> <!-- testPostStore -->
        <test-method signature="testPostStore(java.lang.String,java.lang.String,java.lang.String,java.lang.String,java.lang.String,java.lang.String)[pri:1, instance:Store.tests.DataDrivenTests@2b662a77]" started-at="2024-03-04T11:11:15 IST" name="testPostStore" data-provider="Data" finished-at="2024-03-04T11:11:16 IST" duration-ms="1342" status="PASS">
          <params>
            <param index="0">
              <value>
                <![CDATA[11]]>
              </value>
            </param>
            <param index="1">
              <value>
                <![CDATA[111]]>
              </value>
            </param>
            <param index="2">
              <value>
                <![CDATA[12]]>
              </value>
            </param>
            <param index="3">
              <value>
                <![CDATA[11/19/21]]>
              </value>
            </param>
            <param index="4">
              <value>
                <![CDATA[Placed]]>
              </value>
            </param>
            <param index="5">
              <value>
                <![CDATA[TRUE]]>
              </value>
            </param>
          </params>
          <reporter-output>
          </reporter-output>
        </test-method> <!-- testPostStore -->
        <test-method signature="testPostStore(java.lang.String,java.lang.String,java.lang.String,java.lang.String,java.lang.String,java.lang.String)[pri:1, instance:Store.tests.DataDrivenTests@2b662a77]" started-at="2024-03-04T11:11:16 IST" name="testPostStore" data-provider="Data" finished-at="2024-03-04T11:11:18 IST" duration-ms="1366" status="PASS">
          <params>
            <param index="0">
              <value>
                <![CDATA[12]]>
              </value>
            </param>
            <param index="1">
              <value>
                <![CDATA[112]]>
              </value>
            </param>
            <param index="2">
              <value>
                <![CDATA[13]]>
              </value>
            </param>
            <param index="3">
              <value>
                <![CDATA[11/20/21]]>
              </value>
            </param>
            <param index="4">
              <value>
                <![CDATA[Placed]]>
              </value>
            </param>
            <param index="5">
              <value>
                <![CDATA[TRUE]]>
              </value>
            </param>
          </params>
          <reporter-output>
          </reporter-output>
        </test-method> <!-- testPostStore -->
        <test-method signature="testDeleteStore(java.lang.String)[pri:2, instance:Store.tests.DataDrivenTests@2b662a77]" started-at="2024-03-04T11:11:18 IST" name="testDeleteStore" data-provider="id" finished-at="2024-03-04T11:11:19 IST" duration-ms="1340" status="PASS">
          <params>
            <param index="0">
              <value>
                <![CDATA[101]]>
              </value>
            </param>
          </params>
          <reporter-output>
          </reporter-output>
        </test-method> <!-- testDeleteStore -->
        <test-method signature="testDeleteStore(java.lang.String)[pri:2, instance:Store.tests.DataDrivenTests@2b662a77]" started-at="2024-03-04T11:11:19 IST" name="testDeleteStore" data-provider="id" finished-at="2024-03-04T11:11:21 IST" duration-ms="1299" status="PASS">
          <params>
            <param index="0">
              <value>
                <![CDATA[102]]>
              </value>
            </param>
          </params>
          <reporter-output>
          </reporter-output>
        </test-method> <!-- testDeleteStore -->
        <test-method signature="testDeleteStore(java.lang.String)[pri:2, instance:Store.tests.DataDrivenTests@2b662a77]" started-at="2024-03-04T11:11:21 IST" name="testDeleteStore" data-provider="id" finished-at="2024-03-04T11:11:22 IST" duration-ms="1328" status="PASS">
          <params>
            <param index="0">
              <value>
                <![CDATA[103]]>
              </value>
            </param>
          </params>
          <reporter-output>
          </reporter-output>
        </test-method> <!-- testDeleteStore -->
        <test-method signature="testDeleteStore(java.lang.String)[pri:2, instance:Store.tests.DataDrivenTests@2b662a77]" started-at="2024-03-04T11:11:22 IST" name="testDeleteStore" data-provider="id" finished-at="2024-03-04T11:11:23 IST" duration-ms="1348" status="PASS">
          <params>
            <param index="0">
              <value>
                <![CDATA[104]]>
              </value>
            </param>
          </params>
          <reporter-output>
          </reporter-output>
        </test-method> <!-- testDeleteStore -->
        <test-method signature="testDeleteStore(java.lang.String)[pri:2, instance:Store.tests.DataDrivenTests@2b662a77]" started-at="2024-03-04T11:11:23 IST" name="testDeleteStore" data-provider="id" finished-at="2024-03-04T11:11:25 IST" duration-ms="1314" status="PASS">
          <params>
            <param index="0">
              <value>
                <![CDATA[105]]>
              </value>
            </param>
          </params>
          <reporter-output>
          </reporter-output>
        </test-method> <!-- testDeleteStore -->
        <test-method signature="testDeleteStore(java.lang.String)[pri:2, instance:Store.tests.DataDrivenTests@2b662a77]" started-at="2024-03-04T11:11:25 IST" name="testDeleteStore" data-provider="id" finished-at="2024-03-04T11:11:26 IST" duration-ms="1288" status="PASS">
          <params>
            <param index="0">
              <value>
                <![CDATA[106]]>
              </value>
            </param>
          </params>
          <reporter-output>
          </reporter-output>
        </test-method> <!-- testDeleteStore -->
        <test-method signature="testDeleteStore(java.lang.String)[pri:2, instance:Store.tests.DataDrivenTests@2b662a77]" started-at="2024-03-04T11:11:26 IST" name="testDeleteStore" data-provider="id" finished-at="2024-03-04T11:11:27 IST" duration-ms="1339" status="PASS">
          <params>
            <param index="0">
              <value>
                <![CDATA[107]]>
              </value>
            </param>
          </params>
          <reporter-output>
          </reporter-output>
        </test-method> <!-- testDeleteStore -->
        <test-method signature="testDeleteStore(java.lang.String)[pri:2, instance:Store.tests.DataDrivenTests@2b662a77]" started-at="2024-03-04T11:11:27 IST" name="testDeleteStore" data-provider="id" finished-at="2024-03-04T11:11:28 IST" duration-ms="1268" status="PASS">
          <params>
            <param index="0">
              <value>
                <![CDATA[108]]>
              </value>
            </param>
          </params>
          <reporter-output>
          </reporter-output>
        </test-method> <!-- testDeleteStore -->
        <test-method signature="testDeleteStore(java.lang.String)[pri:2, instance:Store.tests.DataDrivenTests@2b662a77]" started-at="2024-03-04T11:11:28 IST" name="testDeleteStore" data-provider="id" finished-at="2024-03-04T11:11:30 IST" duration-ms="1322" status="PASS">
          <params>
            <param index="0">
              <value>
                <![CDATA[109]]>
              </value>
            </param>
          </params>
          <reporter-output>
          </reporter-output>
        </test-method> <!-- testDeleteStore -->
        <test-method signature="testDeleteStore(java.lang.String)[pri:2, instance:Store.tests.DataDrivenTests@2b662a77]" started-at="2024-03-04T11:11:30 IST" name="testDeleteStore" data-provider="id" finished-at="2024-03-04T11:11:31 IST" duration-ms="1279" status="PASS">
          <params>
            <param index="0">
              <value>
                <![CDATA[110]]>
              </value>
            </param>
          </params>
          <reporter-output>
          </reporter-output>
        </test-method> <!-- testDeleteStore -->
        <test-method signature="testDeleteStore(java.lang.String)[pri:2, instance:Store.tests.DataDrivenTests@2b662a77]" started-at="2024-03-04T11:11:31 IST" name="testDeleteStore" data-provider="id" finished-at="2024-03-04T11:11:32 IST" duration-ms="1264" status="PASS">
          <params>
            <param index="0">
              <value>
                <![CDATA[111]]>
              </value>
            </param>
          </params>
          <reporter-output>
          </reporter-output>
        </test-method> <!-- testDeleteStore -->
        <test-method signature="testDeleteStore(java.lang.String)[pri:2, instance:Store.tests.DataDrivenTests@2b662a77]" started-at="2024-03-04T11:11:32 IST" name="testDeleteStore" data-provider="id" finished-at="2024-03-04T11:11:34 IST" duration-ms="1328" status="PASS">
          <params>
            <param index="0">
              <value>
                <![CDATA[112]]>
              </value>
            </param>
          </params>
          <reporter-output>
          </reporter-output>
        </test-method> <!-- testDeleteStore -->
      </class> <!-- Store.tests.DataDrivenTests -->
    </test> <!-- Default test -->
  </suite> <!-- Default suite -->
</testng-results>
